{"level":"info","message":"onRequest - WORKSPACE_URI:file:///c%3A/Users/juanm/Documents/Development/proyectos/pdep/2024-clases/clase-22","timestamp":"2024-10-06T21:14:33.680Z"}
{"level":"info","message":"⌛ Inferring types","timeElapsed":1194,"timestamp":"2024-10-06T21:14:35.202Z"}
{"level":"error","message":"✘ Failed to get type description: Error: No type variable for node [Reference]{6aa4d0} at src/composicion_test.wtest:1 No type variable for node [Reference]{6aa4d0} at src/composicion_test.wtest:1","stack":"Error: No type variable for node [Reference]{6aa4d0} at src/composicion_test.wtest:1\n    at h6.getType (c:\\Users\\juanm\\.vscode\\extensions\\uqbar.wollok-lsp-ide-0.3.5\\out\\server\\src\\server.js:2244:8410)\n    at get type (c:\\Users\\juanm\\.vscode\\extensions\\uqbar.wollok-lsp-ide-0.3.5\\out\\server\\src\\server.js:38:12250)\n    at c:\\Users\\juanm\\.vscode\\extensions\\uqbar.wollok-lsp-ide-0.3.5\\out\\server\\src\\server.js:2275:790\n    at c:\\Users\\juanm\\.vscode\\extensions\\uqbar.wollok-lsp-ide-0.3.5\\out\\server\\src\\server.js:2288:3774\n    at c:\\Users\\juanm\\.vscode\\extensions\\uqbar.wollok-lsp-ide-0.3.5\\out\\server\\src\\server.js:37:74770\n    at Fe (c:\\Users\\juanm\\.vscode\\extensions\\uqbar.wollok-lsp-ide-0.3.5\\out\\server\\src\\server.js:7:8527)\n    at Pt (c:\\Users\\juanm\\.vscode\\extensions\\uqbar.wollok-lsp-ide-0.3.5\\out\\server\\src\\server.js:7:6189)\n    at Gi (c:\\Users\\juanm\\.vscode\\extensions\\uqbar.wollok-lsp-ide-0.3.5\\out\\server\\src\\server.js:7:6378)\n    at Immediate._onImmediate (c:\\Users\\juanm\\.vscode\\extensions\\uqbar.wollok-lsp-ide-0.3.5\\out\\server\\src\\server.js:7:6142)\n    at process.processImmediate (node:internal/timers:483:21)","timestamp":"2024-10-06T21:14:35.368Z"}
{"failures":[],"level":"info","message":"🧪 Test runner executed on c:\\Users\\juanm\\Documents\\Development\\proyectos\\pdep\\2024-clases\\clase-22","result":{"failed":0,"ok":14},"timeElapsed":238,"timestamp":"2024-10-06T21:14:51.988Z"}
{"level":"error","message":"✘ Failed to get type description: Error: No type variable for node [Reference]{a02ad5} at src/composicion_test.wtest:27 No type variable for node [Reference]{a02ad5} at src/composicion_test.wtest:27","stack":"Error: No type variable for node [Reference]{a02ad5} at src/composicion_test.wtest:27\n    at h6.getType (c:\\Users\\juanm\\.vscode\\extensions\\uqbar.wollok-lsp-ide-0.3.5\\out\\server\\src\\server.js:2244:8410)\n    at get type (c:\\Users\\juanm\\.vscode\\extensions\\uqbar.wollok-lsp-ide-0.3.5\\out\\server\\src\\server.js:38:12250)\n    at c:\\Users\\juanm\\.vscode\\extensions\\uqbar.wollok-lsp-ide-0.3.5\\out\\server\\src\\server.js:2275:790\n    at c:\\Users\\juanm\\.vscode\\extensions\\uqbar.wollok-lsp-ide-0.3.5\\out\\server\\src\\server.js:2288:3774\n    at c:\\Users\\juanm\\.vscode\\extensions\\uqbar.wollok-lsp-ide-0.3.5\\out\\server\\src\\server.js:37:74770\n    at Fe (c:\\Users\\juanm\\.vscode\\extensions\\uqbar.wollok-lsp-ide-0.3.5\\out\\server\\src\\server.js:7:8527)\n    at Pt (c:\\Users\\juanm\\.vscode\\extensions\\uqbar.wollok-lsp-ide-0.3.5\\out\\server\\src\\server.js:7:6189)\n    at Gi (c:\\Users\\juanm\\.vscode\\extensions\\uqbar.wollok-lsp-ide-0.3.5\\out\\server\\src\\server.js:7:6378)\n    at Immediate._onImmediate (c:\\Users\\juanm\\.vscode\\extensions\\uqbar.wollok-lsp-ide-0.3.5\\out\\server\\src\\server.js:7:6142)\n    at process.processImmediate (node:internal/timers:483:21)","timestamp":"2024-10-06T21:14:52.125Z"}
{"failures":[],"level":"info","message":"🧪 Test runner executed on c:\\Users\\juanm\\Documents\\Development\\proyectos\\pdep\\2024-clases\\clase-22","result":{"failed":0,"ok":13},"timeElapsed":219,"timestamp":"2024-10-06T21:14:57.800Z"}
{"failures":[],"level":"info","message":"🧪 Test runner executed on c:\\Users\\juanm\\Documents\\Development\\proyectos\\pdep\\2024-clases\\clase-22","result":{"failed":0,"ok":27},"timeElapsed":220,"timestamp":"2024-10-06T21:15:04.690Z"}
{"level":"info","message":"⌛ Building environment","timeElapsed":312,"timestamp":"2024-10-06T21:16:35.270Z"}
{"level":"info","message":"⌛ Inferring types","timeElapsed":3883,"timestamp":"2024-10-06T21:16:35.270Z"}
{"level":"info","message":"⌛ Validating src/composicion_test.wtest","timeElapsed":331,"timestamp":"2024-10-06T21:16:35.610Z"}
{"level":"info","message":"⌛ Validating src/composicion.wlk","timeElapsed":184,"timestamp":"2024-10-06T21:16:35.795Z"}
{"level":"info","message":"⌛ Validating src/herencia_test.wtest","timeElapsed":155,"timestamp":"2024-10-06T21:16:35.951Z"}
{"level":"info","message":"⌛ Validating src/herencia.wlk","timeElapsed":142,"timestamp":"2024-10-06T21:16:36.092Z"}
{"level":"info","message":"onRequest - WORKSPACE_URI:file:///c%3A/Users/juanm/Documents/Development/proyectos/pdep/2024-clases/clase-22","timestamp":"2024-10-06T21:26:42.694Z"}
{"level":"error","message":"✘ Failed to rebuild document Cannot read properties of undefined (reading 'lookupField')","stack":"TypeError: Cannot read properties of undefined (reading 'lookupField')\n    at nfn (c:\\Users\\juanm\\.vscode\\extensions\\uqbar.wollok-lsp-ide-0.3.5\\out\\server\\src\\server.js:2244:10616)\n    at c:\\Users\\juanm\\.vscode\\extensions\\uqbar.wollok-lsp-ide-0.3.5\\out\\server\\src\\server.js:38:6056\n    at de (c:\\Users\\juanm\\.vscode\\extensions\\uqbar.wollok-lsp-ide-0.3.5\\out\\server\\src\\server.js:2244:9482)\n    at Array.map (<anonymous>)\n    at Zbn (c:\\Users\\juanm\\.vscode\\extensions\\uqbar.wollok-lsp-ide-0.3.5\\out\\server\\src\\server.js:2244:10513)\n    at c:\\Users\\juanm\\.vscode\\extensions\\uqbar.wollok-lsp-ide-0.3.5\\out\\server\\src\\server.js:38:6056\n    at de (c:\\Users\\juanm\\.vscode\\extensions\\uqbar.wollok-lsp-ide-0.3.5\\out\\server\\src\\server.js:2244:9482)\n    at dx (c:\\Users\\juanm\\.vscode\\extensions\\uqbar.wollok-lsp-ide-0.3.5\\out\\server\\src\\server.js:2244:11166)\n    at c:\\Users\\juanm\\.vscode\\extensions\\uqbar.wollok-lsp-ide-0.3.5\\out\\server\\src\\server.js:38:6056\n    at de (c:\\Users\\juanm\\.vscode\\extensions\\uqbar.wollok-lsp-ide-0.3.5\\out\\server\\src\\server.js:2244:9482)","timestamp":"2024-10-06T21:26:42.992Z"}
{"level":"info","message":"⌛ Inferring types","timeElapsed":171,"timestamp":"2024-10-06T21:26:43.198Z"}
{"level":"info","message":"⌛ Inferring types","timeElapsed":573,"timestamp":"2024-10-06T21:26:43.819Z"}
{"level":"info","message":"⌛ Inferring types","timeElapsed":1002,"timestamp":"2024-10-06T21:26:45.068Z"}
{"level":"info","message":"⌛ Inferring types","timeElapsed":975,"timestamp":"2024-10-06T21:26:46.117Z"}
{"level":"info","message":"⌛ Building environment","timeElapsed":144,"timestamp":"2024-10-07T18:31:32.181Z"}
{"level":"info","message":"onRequest - WORKSPACE_URI:file:///c%3A/Users/juanm/Documents/Development/proyectos/pdep/2024-clases/clase-22","timestamp":"2024-10-07T18:31:32.195Z"}
{"level":"info","message":"⌛ Validating src/composicion.wlk","timeElapsed":165,"timestamp":"2024-10-07T18:31:32.729Z"}
{"level":"info","message":"⌛ Building environment","timeElapsed":110,"timestamp":"2024-10-07T18:31:32.842Z"}
{"level":"error","message":"✘ Updating environment failed Cannot read properties of undefined (reading 'lookupField')","stack":"TypeError: Cannot read properties of undefined (reading 'lookupField')\n    at nfn (c:\\Users\\juanm\\.vscode\\extensions\\uqbar.wollok-lsp-ide-0.3.5\\out\\server\\src\\server.js:2244:10616)\n    at c:\\Users\\juanm\\.vscode\\extensions\\uqbar.wollok-lsp-ide-0.3.5\\out\\server\\src\\server.js:38:6056\n    at de (c:\\Users\\juanm\\.vscode\\extensions\\uqbar.wollok-lsp-ide-0.3.5\\out\\server\\src\\server.js:2244:9482)\n    at Array.map (<anonymous>)\n    at Zbn (c:\\Users\\juanm\\.vscode\\extensions\\uqbar.wollok-lsp-ide-0.3.5\\out\\server\\src\\server.js:2244:10513)\n    at c:\\Users\\juanm\\.vscode\\extensions\\uqbar.wollok-lsp-ide-0.3.5\\out\\server\\src\\server.js:38:6056\n    at de (c:\\Users\\juanm\\.vscode\\extensions\\uqbar.wollok-lsp-ide-0.3.5\\out\\server\\src\\server.js:2244:9482)\n    at dx (c:\\Users\\juanm\\.vscode\\extensions\\uqbar.wollok-lsp-ide-0.3.5\\out\\server\\src\\server.js:2244:11166)\n    at c:\\Users\\juanm\\.vscode\\extensions\\uqbar.wollok-lsp-ide-0.3.5\\out\\server\\src\\server.js:38:6056\n    at de (c:\\Users\\juanm\\.vscode\\extensions\\uqbar.wollok-lsp-ide-0.3.5\\out\\server\\src\\server.js:2244:9482)","timestamp":"2024-10-07T18:31:32.847Z"}
{"level":"info","message":"⌛ Inferring types","timeElapsed":644,"timestamp":"2024-10-07T18:31:33.570Z"}
{"level":"info","message":"⌛ Inferring types","timeElapsed":934,"timestamp":"2024-10-07T18:31:34.551Z"}
{"level":"info","message":"⌛ Inferring types","timeElapsed":1054,"timestamp":"2024-10-07T18:31:43.560Z"}
{"level":"info","message":"⌛ Inferring types","timeElapsed":1135,"timestamp":"2024-10-07T18:32:39.631Z"}
{"level":"info","message":"⌛ Inferring types","timeElapsed":1136,"timestamp":"2024-10-07T18:32:40.810Z"}
{"level":"info","message":"⌛ Inferring types","timeElapsed":1163,"timestamp":"2024-10-07T18:32:42.003Z"}
{"level":"info","message":"⌛ Inferring types","timeElapsed":1319,"timestamp":"2024-10-07T18:32:43.401Z"}
{"level":"info","message":"⌛ Inferring types","timeElapsed":1302,"timestamp":"2024-10-07T18:32:44.741Z"}
{"level":"info","message":"⌛ Inferring types","timeElapsed":1314,"timestamp":"2024-10-07T18:32:46.110Z"}
{"level":"info","message":"⌛ Inferring types","timeElapsed":1296,"timestamp":"2024-10-07T18:32:47.452Z"}
{"level":"info","message":"⌛ Inferring types","timeElapsed":1236,"timestamp":"2024-10-07T18:32:48.726Z"}
{"level":"info","message":"⌛ Inferring types","timeElapsed":1240,"timestamp":"2024-10-07T18:32:50.024Z"}
{"level":"info","message":"⌛ Inferring types","timeElapsed":1312,"timestamp":"2024-10-07T18:32:51.373Z"}
{"level":"info","message":"⌛ Inferring types","timeElapsed":1265,"timestamp":"2024-10-07T18:32:52.736Z"}
{"level":"info","message":"⌛ Inferring types","timeElapsed":1308,"timestamp":"2024-10-07T18:32:54.075Z"}
{"level":"info","message":"⌛ Inferring types","timeElapsed":1280,"timestamp":"2024-10-07T18:32:55.394Z"}
{"level":"info","message":"⌛ Inferring types","timeElapsed":1294,"timestamp":"2024-10-07T18:32:56.725Z"}
{"level":"info","message":"⌛ Inferring types","timeElapsed":1309,"timestamp":"2024-10-07T18:32:58.073Z"}
{"level":"info","message":"⌛ Inferring types","timeElapsed":1312,"timestamp":"2024-10-07T18:32:59.419Z"}
{"level":"info","message":"⌛ Inferring types","timeElapsed":1310,"timestamp":"2024-10-07T18:33:00.763Z"}
{"level":"info","message":"⌛ Inferring types","timeElapsed":1268,"timestamp":"2024-10-07T18:33:02.076Z"}
{"level":"info","message":"⌛ Inferring types","timeElapsed":1317,"timestamp":"2024-10-07T18:33:03.425Z"}
{"level":"error","message":"✘ Failed to rebuild document Atomic types have no methods","stack":"Error: Atomic types have no methods\n    at o.lookupMethod (c:\\Users\\juanm\\.vscode\\extensions\\uqbar.wollok-lsp-ide-0.3.5\\out\\server\\src\\server.js:2244:4360)\n    at Mfn (c:\\Users\\juanm\\.vscode\\extensions\\uqbar.wollok-lsp-ide-0.3.5\\out\\server\\src\\server.js:2244:17979)\n    at Array.some (<anonymous>)\n    at kfn (c:\\Users\\juanm\\.vscode\\extensions\\uqbar.wollok-lsp-ide-0.3.5\\out\\server\\src\\server.js:2244:17791)\n    at c:\\Users\\juanm\\.vscode\\extensions\\uqbar.wollok-lsp-ide-0.3.5\\out\\server\\src\\server.js:2244:17089\n    at Array.some (<anonymous>)\n    at ffn (c:\\Users\\juanm\\.vscode\\extensions\\uqbar.wollok-lsp-ide-0.3.5\\out\\server\\src\\server.js:2244:17081)\n    at h2.buildEnvironmentFrom (c:\\Users\\juanm\\.vscode\\extensions\\uqbar.wollok-lsp-ide-0.3.5\\out\\server\\src\\server.js:2275:16388)\n    at h2.updateEnvironmentWith (c:\\Users\\juanm\\.vscode\\extensions\\uqbar.wollok-lsp-ide-0.3.5\\out\\server\\src\\server.js:2275:16041)\n    at DL (c:\\Users\\juanm\\.vscode\\extensions\\uqbar.wollok-lsp-ide-0.3.5\\out\\server\\src\\server.js:2288:2292)","timestamp":"2024-10-07T18:33:03.617Z"}
{"level":"error","message":"✘ Failed to rebuild document Atomic types have no methods","stack":"Error: Atomic types have no methods\n    at o.lookupMethod (c:\\Users\\juanm\\.vscode\\extensions\\uqbar.wollok-lsp-ide-0.3.5\\out\\server\\src\\server.js:2244:4360)\n    at Mfn (c:\\Users\\juanm\\.vscode\\extensions\\uqbar.wollok-lsp-ide-0.3.5\\out\\server\\src\\server.js:2244:17979)\n    at Array.some (<anonymous>)\n    at kfn (c:\\Users\\juanm\\.vscode\\extensions\\uqbar.wollok-lsp-ide-0.3.5\\out\\server\\src\\server.js:2244:17791)\n    at c:\\Users\\juanm\\.vscode\\extensions\\uqbar.wollok-lsp-ide-0.3.5\\out\\server\\src\\server.js:2244:17089\n    at Array.some (<anonymous>)\n    at ffn (c:\\Users\\juanm\\.vscode\\extensions\\uqbar.wollok-lsp-ide-0.3.5\\out\\server\\src\\server.js:2244:17081)\n    at h2.buildEnvironmentFrom (c:\\Users\\juanm\\.vscode\\extensions\\uqbar.wollok-lsp-ide-0.3.5\\out\\server\\src\\server.js:2275:16388)\n    at h2.updateEnvironmentWith (c:\\Users\\juanm\\.vscode\\extensions\\uqbar.wollok-lsp-ide-0.3.5\\out\\server\\src\\server.js:2275:16041)\n    at DL (c:\\Users\\juanm\\.vscode\\extensions\\uqbar.wollok-lsp-ide-0.3.5\\out\\server\\src\\server.js:2288:2292)","timestamp":"2024-10-07T18:33:03.877Z"}
{"level":"error","message":"✘ Failed to rebuild document Atomic types have no methods","stack":"Error: Atomic types have no methods\n    at o.lookupMethod (c:\\Users\\juanm\\.vscode\\extensions\\uqbar.wollok-lsp-ide-0.3.5\\out\\server\\src\\server.js:2244:4360)\n    at Mfn (c:\\Users\\juanm\\.vscode\\extensions\\uqbar.wollok-lsp-ide-0.3.5\\out\\server\\src\\server.js:2244:17979)\n    at Array.some (<anonymous>)\n    at kfn (c:\\Users\\juanm\\.vscode\\extensions\\uqbar.wollok-lsp-ide-0.3.5\\out\\server\\src\\server.js:2244:17791)\n    at c:\\Users\\juanm\\.vscode\\extensions\\uqbar.wollok-lsp-ide-0.3.5\\out\\server\\src\\server.js:2244:17089\n    at Array.some (<anonymous>)\n    at ffn (c:\\Users\\juanm\\.vscode\\extensions\\uqbar.wollok-lsp-ide-0.3.5\\out\\server\\src\\server.js:2244:17081)\n    at h2.buildEnvironmentFrom (c:\\Users\\juanm\\.vscode\\extensions\\uqbar.wollok-lsp-ide-0.3.5\\out\\server\\src\\server.js:2275:16388)\n    at h2.updateEnvironmentWith (c:\\Users\\juanm\\.vscode\\extensions\\uqbar.wollok-lsp-ide-0.3.5\\out\\server\\src\\server.js:2275:16041)\n    at DL (c:\\Users\\juanm\\.vscode\\extensions\\uqbar.wollok-lsp-ide-0.3.5\\out\\server\\src\\server.js:2288:2292)","timestamp":"2024-10-07T18:33:04.072Z"}
{"level":"error","message":"✘ Failed to rebuild document Atomic types have no methods","stack":"Error: Atomic types have no methods\n    at o.lookupMethod (c:\\Users\\juanm\\.vscode\\extensions\\uqbar.wollok-lsp-ide-0.3.5\\out\\server\\src\\server.js:2244:4360)\n    at Mfn (c:\\Users\\juanm\\.vscode\\extensions\\uqbar.wollok-lsp-ide-0.3.5\\out\\server\\src\\server.js:2244:17979)\n    at Array.some (<anonymous>)\n    at kfn (c:\\Users\\juanm\\.vscode\\extensions\\uqbar.wollok-lsp-ide-0.3.5\\out\\server\\src\\server.js:2244:17791)\n    at c:\\Users\\juanm\\.vscode\\extensions\\uqbar.wollok-lsp-ide-0.3.5\\out\\server\\src\\server.js:2244:17089\n    at Array.some (<anonymous>)\n    at ffn (c:\\Users\\juanm\\.vscode\\extensions\\uqbar.wollok-lsp-ide-0.3.5\\out\\server\\src\\server.js:2244:17081)\n    at h2.buildEnvironmentFrom (c:\\Users\\juanm\\.vscode\\extensions\\uqbar.wollok-lsp-ide-0.3.5\\out\\server\\src\\server.js:2275:16388)\n    at h2.updateEnvironmentWith (c:\\Users\\juanm\\.vscode\\extensions\\uqbar.wollok-lsp-ide-0.3.5\\out\\server\\src\\server.js:2275:16041)\n    at DL (c:\\Users\\juanm\\.vscode\\extensions\\uqbar.wollok-lsp-ide-0.3.5\\out\\server\\src\\server.js:2288:2292)","timestamp":"2024-10-07T18:33:04.271Z"}
{"level":"info","message":"⌛ Inferring types","timeElapsed":1281,"timestamp":"2024-10-07T18:33:05.590Z"}
{"level":"info","message":"⌛ Inferring types","timeElapsed":1260,"timestamp":"2024-10-07T18:33:06.885Z"}
{"level":"info","message":"⌛ Inferring types","timeElapsed":1333,"timestamp":"2024-10-07T18:33:08.254Z"}
{"level":"info","message":"⌛ Inferring types","timeElapsed":1289,"timestamp":"2024-10-07T18:33:09.580Z"}
{"level":"info","message":"⌛ Inferring types","timeElapsed":1314,"timestamp":"2024-10-07T18:33:10.953Z"}
{"level":"info","message":"⌛ Inferring types","timeElapsed":1353,"timestamp":"2024-10-07T18:33:12.342Z"}
{"level":"info","message":"⌛ Inferring types","timeElapsed":1307,"timestamp":"2024-10-07T18:33:13.683Z"}
{"level":"info","message":"⌛ Inferring types","timeElapsed":1330,"timestamp":"2024-10-07T18:33:15.049Z"}
{"level":"info","message":"⌛ Inferring types","timeElapsed":1322,"timestamp":"2024-10-07T18:33:16.484Z"}
{"level":"error","message":"✘ Completions for node failed: Error: [Return]{a689a4} at src/herencia.wlk:-- exhausted all cases without a match [Return]{a689a4} at src/herencia.wlk:-- exhausted all cases without a match","stack":"Error: [Return]{a689a4} at src/herencia.wlk:-- exhausted all cases without a match\n    at c:\\Users\\juanm\\.vscode\\extensions\\uqbar.wollok-lsp-ide-0.3.5\\out\\server\\src\\server.js:38:6067\n    at hh (c:\\Users\\juanm\\.vscode\\extensions\\uqbar.wollok-lsp-ide-0.3.5\\out\\server\\src\\server.js:2281:42)\n    at vh (c:\\Users\\juanm\\.vscode\\extensions\\uqbar.wollok-lsp-ide-0.3.5\\out\\server\\src\\server.js:2281:1004)\n    at F5n (c:\\Users\\juanm\\.vscode\\extensions\\uqbar.wollok-lsp-ide-0.3.5\\out\\server\\src\\server.js:2281:1160)\n    at c:\\Users\\juanm\\.vscode\\extensions\\uqbar.wollok-lsp-ide-0.3.5\\out\\server\\src\\server.js:38:6056\n    at hh (c:\\Users\\juanm\\.vscode\\extensions\\uqbar.wollok-lsp-ide-0.3.5\\out\\server\\src\\server.js:2281:42)\n    at c:\\Users\\juanm\\.vscode\\extensions\\uqbar.wollok-lsp-ide-0.3.5\\out\\server\\src\\server.js:2281:2700\n    at c:\\Users\\juanm\\.vscode\\extensions\\uqbar.wollok-lsp-ide-0.3.5\\out\\server\\src\\server.js:2288:3774\n    at c:\\Users\\juanm\\.vscode\\extensions\\uqbar.wollok-lsp-ide-0.3.5\\out\\server\\src\\server.js:37:74872\n    at Fe (c:\\Users\\juanm\\.vscode\\extensions\\uqbar.wollok-lsp-ide-0.3.5\\out\\server\\src\\server.js:7:8527)","timestamp":"2024-10-07T18:33:16.493Z"}
{"level":"info","message":"⌛ Inferring types","timeElapsed":1273,"timestamp":"2024-10-07T18:33:17.804Z"}
{"level":"info","message":"⌛ Inferring types","timeElapsed":1282,"timestamp":"2024-10-07T18:33:19.120Z"}
{"level":"info","message":"⌛ Inferring types","timeElapsed":1301,"timestamp":"2024-10-07T18:33:20.471Z"}
{"level":"info","message":"⌛ Inferring types","timeElapsed":1321,"timestamp":"2024-10-07T18:33:21.835Z"}
{"level":"info","message":"⌛ Inferring types","timeElapsed":1325,"timestamp":"2024-10-07T18:33:23.196Z"}
{"level":"info","message":"⌛ Inferring types","timeElapsed":1301,"timestamp":"2024-10-07T18:33:24.539Z"}
{"level":"info","message":"⌛ Inferring types","timeElapsed":1250,"timestamp":"2024-10-07T18:33:25.834Z"}
{"level":"info","message":"⌛ Inferring types","timeElapsed":1267,"timestamp":"2024-10-07T18:33:27.139Z"}
{"level":"info","message":"⌛ Inferring types","timeElapsed":1313,"timestamp":"2024-10-07T18:33:28.493Z"}
{"level":"info","message":"⌛ Inferring types","timeElapsed":1315,"timestamp":"2024-10-07T18:33:29.843Z"}
{"level":"info","message":"⌛ Inferring types","timeElapsed":1313,"timestamp":"2024-10-07T18:33:31.191Z"}
{"level":"info","message":"⌛ Inferring types","timeElapsed":1326,"timestamp":"2024-10-07T18:33:32.551Z"}
{"level":"info","message":"⌛ Inferring types","timeElapsed":1321,"timestamp":"2024-10-07T18:33:33.920Z"}
{"level":"info","message":"⌛ Inferring types","timeElapsed":1331,"timestamp":"2024-10-07T18:33:35.348Z"}
{"level":"info","message":"⌛ Inferring types","timeElapsed":1318,"timestamp":"2024-10-07T18:33:36.702Z"}
{"level":"info","message":"⌛ Inferring types","timeElapsed":1284,"timestamp":"2024-10-07T18:33:38.028Z"}
{"level":"info","message":"⌛ Inferring types","timeElapsed":1298,"timestamp":"2024-10-07T18:33:39.365Z"}
{"level":"info","message":"⌛ Inferring types","timeElapsed":1305,"timestamp":"2024-10-07T18:33:40.709Z"}
{"level":"info","message":"⌛ Inferring types","timeElapsed":1288,"timestamp":"2024-10-07T18:33:42.034Z"}
{"level":"info","message":"⌛ Inferring types","timeElapsed":1313,"timestamp":"2024-10-07T18:33:43.385Z"}
{"level":"info","message":"⌛ Inferring types","timeElapsed":1298,"timestamp":"2024-10-07T18:33:44.721Z"}
{"level":"info","message":"⌛ Inferring types","timeElapsed":1301,"timestamp":"2024-10-07T18:33:46.060Z"}
{"level":"info","message":"⌛ Inferring types","timeElapsed":1301,"timestamp":"2024-10-07T18:33:47.410Z"}
{"level":"info","message":"⌛ Inferring types","timeElapsed":1327,"timestamp":"2024-10-07T18:33:48.775Z"}
{"level":"info","message":"⌛ Inferring types","timeElapsed":1316,"timestamp":"2024-10-07T18:33:50.136Z"}
{"level":"info","message":"⌛ Inferring types","timeElapsed":1314,"timestamp":"2024-10-07T18:33:51.486Z"}
{"level":"info","message":"⌛ Inferring types","timeElapsed":1308,"timestamp":"2024-10-07T18:33:52.836Z"}
{"level":"info","message":"⌛ Inferring types","timeElapsed":1306,"timestamp":"2024-10-07T18:33:54.240Z"}
{"level":"info","message":"⌛ Inferring types","timeElapsed":1355,"timestamp":"2024-10-07T18:33:55.630Z"}
{"level":"info","message":"⌛ Inferring types","timeElapsed":1315,"timestamp":"2024-10-07T18:33:56.981Z"}
{"level":"info","message":"⌛ Inferring types","timeElapsed":1325,"timestamp":"2024-10-07T18:33:58.341Z"}
{"level":"info","message":"⌛ Inferring types","timeElapsed":1326,"timestamp":"2024-10-07T18:33:59.713Z"}
{"level":"info","message":"⌛ Inferring types","timeElapsed":1308,"timestamp":"2024-10-07T18:34:01.085Z"}
{"level":"info","message":"⌛ Inferring types","timeElapsed":1316,"timestamp":"2024-10-07T18:34:02.447Z"}
{"level":"info","message":"⌛ Inferring types","timeElapsed":1280,"timestamp":"2024-10-07T18:34:03.767Z"}
{"level":"info","message":"⌛ Inferring types","timeElapsed":1305,"timestamp":"2024-10-07T18:34:05.107Z"}
{"level":"info","message":"⌛ Inferring types","timeElapsed":1372,"timestamp":"2024-10-07T18:34:06.595Z"}
{"level":"info","message":"⌛ Inferring types","timeElapsed":1318,"timestamp":"2024-10-07T18:34:07.949Z"}
{"level":"info","message":"⌛ Inferring types","timeElapsed":1357,"timestamp":"2024-10-07T18:34:09.344Z"}
{"level":"info","message":"⌛ Inferring types","timeElapsed":1326,"timestamp":"2024-10-07T18:34:10.709Z"}
{"level":"info","message":"⌛ Inferring types","timeElapsed":1367,"timestamp":"2024-10-07T18:34:12.115Z"}
{"level":"info","message":"⌛ Inferring types","timeElapsed":1382,"timestamp":"2024-10-07T18:34:13.541Z"}
{"level":"info","message":"⌛ Inferring types","timeElapsed":1355,"timestamp":"2024-10-07T18:34:14.952Z"}
{"level":"info","message":"⌛ Inferring types","timeElapsed":1415,"timestamp":"2024-10-07T18:34:16.401Z"}
{"level":"info","message":"⌛ Inferring types","timeElapsed":1388,"timestamp":"2024-10-07T18:34:17.838Z"}
{"level":"info","message":"⌛ Inferring types","timeElapsed":1379,"timestamp":"2024-10-07T18:34:19.278Z"}
{"level":"info","message":"⌛ Inferring types","timeElapsed":1408,"timestamp":"2024-10-07T18:34:20.723Z"}
{"level":"info","message":"⌛ Inferring types","timeElapsed":1434,"timestamp":"2024-10-07T18:34:22.192Z"}
{"level":"info","message":"⌛ Inferring types","timeElapsed":1424,"timestamp":"2024-10-07T18:34:23.655Z"}
{"level":"info","message":"⌛ Inferring types","timeElapsed":1381,"timestamp":"2024-10-07T18:34:25.071Z"}
{"level":"info","message":"⌛ Inferring types","timeElapsed":1409,"timestamp":"2024-10-07T18:34:26.589Z"}
{"level":"info","message":"⌛ Inferring types","timeElapsed":1437,"timestamp":"2024-10-07T18:34:28.068Z"}
{"level":"info","message":"⌛ Inferring types","timeElapsed":1372,"timestamp":"2024-10-07T18:34:29.478Z"}
{"level":"error","message":"✘ Failed to rebuild document Failed to parse src/herencia.wlk: \n-- PARSING FAILED --------------------------------------------------\n\n  1 | class Hechicero {\n> 2 | \tvar ]energia = 0\n    |      ^\n  3 | \n  4 | \tmethod energia() = energia\n\nExpected one of the following: \n\n'property', identifier, whitespace\n","stack":"Error: Failed to parse src/herencia.wlk: \n-- PARSING FAILED --------------------------------------------------\n\n  1 | class Hechicero {\n> 2 | \tvar ]energia = 0\n    |      ^\n  3 | \n  4 | \tmethod energia() = energia\n\nExpected one of the following: \n\n'property', identifier, whitespace\n\n    at c:\\Users\\juanm\\.vscode\\extensions\\uqbar.wollok-lsp-ide-0.3.5\\out\\server\\src\\server.js:2244:21840\n    at Array.map (<anonymous>)\n    at Ifn (c:\\Users\\juanm\\.vscode\\extensions\\uqbar.wollok-lsp-ide-0.3.5\\out\\server\\src\\server.js:2244:21764)\n    at h2.buildEnvironmentFrom (c:\\Users\\juanm\\.vscode\\extensions\\uqbar.wollok-lsp-ide-0.3.5\\out\\server\\src\\server.js:2275:16306)\n    at h2.updateEnvironmentWith (c:\\Users\\juanm\\.vscode\\extensions\\uqbar.wollok-lsp-ide-0.3.5\\out\\server\\src\\server.js:2275:16041)\n    at DL (c:\\Users\\juanm\\.vscode\\extensions\\uqbar.wollok-lsp-ide-0.3.5\\out\\server\\src\\server.js:2288:2292)\n    at b3.invoke (c:\\Users\\juanm\\.vscode\\extensions\\uqbar.wollok-lsp-ide-0.3.5\\out\\server\\src\\server.js:3:157188)\n    at o.fire (c:\\Users\\juanm\\.vscode\\extensions\\uqbar.wollok-lsp-ide-0.3.5\\out\\server\\src\\server.js:3:157958)\n    at c:\\Users\\juanm\\.vscode\\extensions\\uqbar.wollok-lsp-ide-0.3.5\\out\\server\\src\\server.js:37:57871\n    at Br (c:\\Users\\juanm\\.vscode\\extensions\\uqbar.wollok-lsp-ide-0.3.5\\out\\server\\src\\server.js:8:1561)","timestamp":"2024-10-07T18:34:29.539Z"}
{"level":"info","message":"⌛ Inferring types","timeElapsed":1407,"timestamp":"2024-10-07T18:34:30.992Z"}
{"level":"info","message":"⌛ Inferring types","timeElapsed":1394,"timestamp":"2024-10-07T18:34:33.078Z"}
{"level":"info","message":"⌛ Inferring types","timeElapsed":1429,"timestamp":"2024-10-07T18:34:34.543Z"}
{"level":"info","message":"⌛ Inferring types","timeElapsed":1370,"timestamp":"2024-10-07T18:34:37.594Z"}
{"level":"info","message":"⌛ Inferring types","timeElapsed":1387,"timestamp":"2024-10-07T18:34:39.022Z"}
{"level":"error","message":"✘ Failed to rebuild document Failed to parse src/herencia.wlk: \n-- PARSING FAILED --------------------------------------------------\n\n  1 | class Hechicero {\n> 2 | \tvar ]energia = 0\n    |      ^\n  3 | \n  4 | \tmethod energia() = energia\n\nExpected one of the following: \n\n'property', identifier, whitespace\n","stack":"Error: Failed to parse src/herencia.wlk: \n-- PARSING FAILED --------------------------------------------------\n\n  1 | class Hechicero {\n> 2 | \tvar ]energia = 0\n    |      ^\n  3 | \n  4 | \tmethod energia() = energia\n\nExpected one of the following: \n\n'property', identifier, whitespace\n\n    at c:\\Users\\juanm\\.vscode\\extensions\\uqbar.wollok-lsp-ide-0.3.5\\out\\server\\src\\server.js:2244:21840\n    at Array.map (<anonymous>)\n    at Ifn (c:\\Users\\juanm\\.vscode\\extensions\\uqbar.wollok-lsp-ide-0.3.5\\out\\server\\src\\server.js:2244:21764)\n    at h2.buildEnvironmentFrom (c:\\Users\\juanm\\.vscode\\extensions\\uqbar.wollok-lsp-ide-0.3.5\\out\\server\\src\\server.js:2275:16306)\n    at h2.updateEnvironmentWith (c:\\Users\\juanm\\.vscode\\extensions\\uqbar.wollok-lsp-ide-0.3.5\\out\\server\\src\\server.js:2275:16041)\n    at DL (c:\\Users\\juanm\\.vscode\\extensions\\uqbar.wollok-lsp-ide-0.3.5\\out\\server\\src\\server.js:2288:2292)\n    at b3.invoke (c:\\Users\\juanm\\.vscode\\extensions\\uqbar.wollok-lsp-ide-0.3.5\\out\\server\\src\\server.js:3:157188)\n    at o.fire (c:\\Users\\juanm\\.vscode\\extensions\\uqbar.wollok-lsp-ide-0.3.5\\out\\server\\src\\server.js:3:157958)\n    at c:\\Users\\juanm\\.vscode\\extensions\\uqbar.wollok-lsp-ide-0.3.5\\out\\server\\src\\server.js:37:57871\n    at Br (c:\\Users\\juanm\\.vscode\\extensions\\uqbar.wollok-lsp-ide-0.3.5\\out\\server\\src\\server.js:8:1561)","timestamp":"2024-10-07T18:34:39.026Z"}
{"level":"info","message":"⌛ Inferring types","timeElapsed":1344,"timestamp":"2024-10-07T18:34:40.413Z"}
{"level":"info","message":"⌛ Validating src/herencia.wlk","timeElapsed":192,"timestamp":"2024-10-07T18:34:40.677Z"}
{"level":"info","message":"⌛ Building environment","timeElapsed":163,"timestamp":"2024-10-07T18:34:42.284Z"}
{"level":"info","message":"⌛ Inferring types","timeElapsed":1444,"timestamp":"2024-10-07T18:34:42.284Z"}
{"level":"info","message":"⌛ Inferring types","timeElapsed":1360,"timestamp":"2024-10-07T18:34:43.686Z"}
{"level":"info","message":"⌛ Inferring types","timeElapsed":1333,"timestamp":"2024-10-07T18:34:45.112Z"}
{"level":"info","message":"⌛ Inferring types","timeElapsed":1282,"timestamp":"2024-10-07T18:34:46.437Z"}
{"level":"info","message":"⌛ Inferring types","timeElapsed":1307,"timestamp":"2024-10-07T18:34:48.302Z"}
{"level":"error","message":"✘ Completions for node failed: Error: src.herencia.Hechicero.energia [Field]{4dc0f7} at src/herencia.wlk:2 exhausted all cases without a match src.herencia.Hechicero.energia [Field]{4dc0f7} at src/herencia.wlk:2 exhausted all cases without a match","stack":"Error: src.herencia.Hechicero.energia [Field]{4dc0f7} at src/herencia.wlk:2 exhausted all cases without a match\n    at c:\\Users\\juanm\\.vscode\\extensions\\uqbar.wollok-lsp-ide-0.3.5\\out\\server\\src\\server.js:38:6067\n    at hh (c:\\Users\\juanm\\.vscode\\extensions\\uqbar.wollok-lsp-ide-0.3.5\\out\\server\\src\\server.js:2281:42)\n    at c:\\Users\\juanm\\.vscode\\extensions\\uqbar.wollok-lsp-ide-0.3.5\\out\\server\\src\\server.js:2281:2700\n    at c:\\Users\\juanm\\.vscode\\extensions\\uqbar.wollok-lsp-ide-0.3.5\\out\\server\\src\\server.js:2288:3774\n    at c:\\Users\\juanm\\.vscode\\extensions\\uqbar.wollok-lsp-ide-0.3.5\\out\\server\\src\\server.js:37:74872\n    at Fe (c:\\Users\\juanm\\.vscode\\extensions\\uqbar.wollok-lsp-ide-0.3.5\\out\\server\\src\\server.js:7:8527)\n    at Pt (c:\\Users\\juanm\\.vscode\\extensions\\uqbar.wollok-lsp-ide-0.3.5\\out\\server\\src\\server.js:7:6189)\n    at Gi (c:\\Users\\juanm\\.vscode\\extensions\\uqbar.wollok-lsp-ide-0.3.5\\out\\server\\src\\server.js:7:6378)\n    at Immediate._onImmediate (c:\\Users\\juanm\\.vscode\\extensions\\uqbar.wollok-lsp-ide-0.3.5\\out\\server\\src\\server.js:7:6142)\n    at process.processImmediate (node:internal/timers:483:21)","timestamp":"2024-10-07T18:34:48.310Z"}
{"level":"info","message":"⌛ Inferring types","timeElapsed":1278,"timestamp":"2024-10-07T18:34:51.529Z"}
{"level":"info","message":"⌛ Inferring types","timeElapsed":1335,"timestamp":"2024-10-07T18:34:52.966Z"}
{"level":"info","message":"⌛ Inferring types","timeElapsed":1358,"timestamp":"2024-10-07T18:34:54.368Z"}
{"level":"info","message":"⌛ Inferring types","timeElapsed":1329,"timestamp":"2024-10-07T18:34:55.743Z"}
{"level":"info","message":"⌛ Inferring types","timeElapsed":1342,"timestamp":"2024-10-07T18:34:57.124Z"}
{"level":"info","message":"⌛ Inferring types","timeElapsed":1293,"timestamp":"2024-10-07T18:34:58.473Z"}
{"level":"info","message":"⌛ Inferring types","timeElapsed":1245,"timestamp":"2024-10-07T18:34:59.759Z"}
{"level":"info","message":"⌛ Inferring types","timeElapsed":1276,"timestamp":"2024-10-07T18:35:01.071Z"}
{"level":"info","message":"⌛ Inferring types","timeElapsed":1282,"timestamp":"2024-10-07T18:35:02.396Z"}
{"level":"info","message":"⌛ Inferring types","timeElapsed":1332,"timestamp":"2024-10-07T18:35:03.769Z"}
{"level":"info","message":"⌛ Inferring types","timeElapsed":1361,"timestamp":"2024-10-07T18:35:05.167Z"}
{"level":"info","message":"⌛ Inferring types","timeElapsed":1411,"timestamp":"2024-10-07T18:35:06.681Z"}
{"level":"error","message":"✘ Failed to get type description: Error: No type variable for node [Reference]{6d9812} at src/herencia.wlk:28 No type variable for node [Reference]{6d9812} at src/herencia.wlk:28","stack":"Error: No type variable for node [Reference]{6d9812} at src/herencia.wlk:28\n    at h6.getType (c:\\Users\\juanm\\.vscode\\extensions\\uqbar.wollok-lsp-ide-0.3.5\\out\\server\\src\\server.js:2244:8410)\n    at get type (c:\\Users\\juanm\\.vscode\\extensions\\uqbar.wollok-lsp-ide-0.3.5\\out\\server\\src\\server.js:38:12250)\n    at c:\\Users\\juanm\\.vscode\\extensions\\uqbar.wollok-lsp-ide-0.3.5\\out\\server\\src\\server.js:2275:790\n    at c:\\Users\\juanm\\.vscode\\extensions\\uqbar.wollok-lsp-ide-0.3.5\\out\\server\\src\\server.js:2288:3774\n    at c:\\Users\\juanm\\.vscode\\extensions\\uqbar.wollok-lsp-ide-0.3.5\\out\\server\\src\\server.js:37:74770\n    at Fe (c:\\Users\\juanm\\.vscode\\extensions\\uqbar.wollok-lsp-ide-0.3.5\\out\\server\\src\\server.js:7:8527)\n    at Pt (c:\\Users\\juanm\\.vscode\\extensions\\uqbar.wollok-lsp-ide-0.3.5\\out\\server\\src\\server.js:7:6189)\n    at Gi (c:\\Users\\juanm\\.vscode\\extensions\\uqbar.wollok-lsp-ide-0.3.5\\out\\server\\src\\server.js:7:6378)\n    at Immediate._onImmediate (c:\\Users\\juanm\\.vscode\\extensions\\uqbar.wollok-lsp-ide-0.3.5\\out\\server\\src\\server.js:7:6142)\n    at process.processImmediate (node:internal/timers:483:21)","timestamp":"2024-10-07T18:35:10.301Z"}
{"level":"info","message":"⌛ Inferring types","timeElapsed":1396,"timestamp":"2024-10-07T18:35:44.657Z"}
{"level":"info","message":"⌛ Inferring types","timeElapsed":1353,"timestamp":"2024-10-07T18:35:46.073Z"}
{"level":"info","message":"⌛ Inferring types","timeElapsed":1332,"timestamp":"2024-10-07T18:35:47.451Z"}
{"level":"info","message":"⌛ Inferring types","timeElapsed":1335,"timestamp":"2024-10-07T18:35:48.836Z"}
{"level":"info","message":"⌛ Inferring types","timeElapsed":1315,"timestamp":"2024-10-07T18:35:50.189Z"}
{"level":"info","message":"⌛ Inferring types","timeElapsed":1331,"timestamp":"2024-10-07T18:35:51.582Z"}
{"level":"error","message":"✘ Failed to rebuild document Failed to parse src/herencia.wlk: \n-- PARSING FAILED --------------------------------------------------\n\n  56 | \tmethod esProhibido() = true\n  57 | \tmethod\n> 58 | }\n     | ^\n\nExpected one of the following: \n\n'!=', '!==', '%', '&&', '*', '**', '+', '-', '->', '..', '..<', '/', '<', '<<', '<<<', '<=', '<=>', '<>', '==', '===', '>', '>..', '>=', '>>', '>>>', '?:', '@', 'and', 'class', 'const', 'describe', 'invert', 'mixin', 'negate', 'object', 'only', 'or', 'package', 'plus', 'program', 'test', 'var', '{', '||', EOF, comment, identifier, not \"}\", whitespace\n","stack":"Error: Failed to parse src/herencia.wlk: \n-- PARSING FAILED --------------------------------------------------\n\n  56 | \tmethod esProhibido() = true\n  57 | \tmethod\n> 58 | }\n     | ^\n\nExpected one of the following: \n\n'!=', '!==', '%', '&&', '*', '**', '+', '-', '->', '..', '..<', '/', '<', '<<', '<<<', '<=', '<=>', '<>', '==', '===', '>', '>..', '>=', '>>', '>>>', '?:', '@', 'and', 'class', 'const', 'describe', 'invert', 'mixin', 'negate', 'object', 'only', 'or', 'package', 'plus', 'program', 'test', 'var', '{', '||', EOF, comment, identifier, not \"}\", whitespace\n\n    at c:\\Users\\juanm\\.vscode\\extensions\\uqbar.wollok-lsp-ide-0.3.5\\out\\server\\src\\server.js:2244:21840\n    at Array.map (<anonymous>)\n    at Ifn (c:\\Users\\juanm\\.vscode\\extensions\\uqbar.wollok-lsp-ide-0.3.5\\out\\server\\src\\server.js:2244:21764)\n    at h2.buildEnvironmentFrom (c:\\Users\\juanm\\.vscode\\extensions\\uqbar.wollok-lsp-ide-0.3.5\\out\\server\\src\\server.js:2275:16306)\n    at h2.updateEnvironmentWith (c:\\Users\\juanm\\.vscode\\extensions\\uqbar.wollok-lsp-ide-0.3.5\\out\\server\\src\\server.js:2275:16041)\n    at DL (c:\\Users\\juanm\\.vscode\\extensions\\uqbar.wollok-lsp-ide-0.3.5\\out\\server\\src\\server.js:2288:2292)\n    at b3.invoke (c:\\Users\\juanm\\.vscode\\extensions\\uqbar.wollok-lsp-ide-0.3.5\\out\\server\\src\\server.js:3:157188)\n    at o.fire (c:\\Users\\juanm\\.vscode\\extensions\\uqbar.wollok-lsp-ide-0.3.5\\out\\server\\src\\server.js:3:157958)\n    at c:\\Users\\juanm\\.vscode\\extensions\\uqbar.wollok-lsp-ide-0.3.5\\out\\server\\src\\server.js:37:57871\n    at Br (c:\\Users\\juanm\\.vscode\\extensions\\uqbar.wollok-lsp-ide-0.3.5\\out\\server\\src\\server.js:8:1561)","timestamp":"2024-10-07T18:35:51.591Z"}
{"level":"error","message":"✘ Failed to rebuild document Failed to parse src/herencia.wlk: \n-- PARSING FAILED --------------------------------------------------\n\n  56 | \tmethod esProhibido() = true\n  57 | \tmethod \n> 58 | }\n     | ^\n\nExpected one of the following: \n\n'!=', '!==', '%', '&&', '*', '**', '+', '-', '->', '..', '..<', '/', '<', '<<', '<<<', '<=', '<=>', '<>', '==', '===', '>', '>..', '>=', '>>', '>>>', '?:', '@', 'and', 'class', 'const', 'describe', 'invert', 'mixin', 'negate', 'object', 'only', 'or', 'package', 'plus', 'program', 'test', 'var', '{', '||', EOF, comment, identifier, not \"}\", whitespace\n","stack":"Error: Failed to parse src/herencia.wlk: \n-- PARSING FAILED --------------------------------------------------\n\n  56 | \tmethod esProhibido() = true\n  57 | \tmethod \n> 58 | }\n     | ^\n\nExpected one of the following: \n\n'!=', '!==', '%', '&&', '*', '**', '+', '-', '->', '..', '..<', '/', '<', '<<', '<<<', '<=', '<=>', '<>', '==', '===', '>', '>..', '>=', '>>', '>>>', '?:', '@', 'and', 'class', 'const', 'describe', 'invert', 'mixin', 'negate', 'object', 'only', 'or', 'package', 'plus', 'program', 'test', 'var', '{', '||', EOF, comment, identifier, not \"}\", whitespace\n\n    at c:\\Users\\juanm\\.vscode\\extensions\\uqbar.wollok-lsp-ide-0.3.5\\out\\server\\src\\server.js:2244:21840\n    at Array.map (<anonymous>)\n    at Ifn (c:\\Users\\juanm\\.vscode\\extensions\\uqbar.wollok-lsp-ide-0.3.5\\out\\server\\src\\server.js:2244:21764)\n    at h2.buildEnvironmentFrom (c:\\Users\\juanm\\.vscode\\extensions\\uqbar.wollok-lsp-ide-0.3.5\\out\\server\\src\\server.js:2275:16306)\n    at h2.updateEnvironmentWith (c:\\Users\\juanm\\.vscode\\extensions\\uqbar.wollok-lsp-ide-0.3.5\\out\\server\\src\\server.js:2275:16041)\n    at DL (c:\\Users\\juanm\\.vscode\\extensions\\uqbar.wollok-lsp-ide-0.3.5\\out\\server\\src\\server.js:2288:2292)\n    at b3.invoke (c:\\Users\\juanm\\.vscode\\extensions\\uqbar.wollok-lsp-ide-0.3.5\\out\\server\\src\\server.js:3:157188)\n    at o.fire (c:\\Users\\juanm\\.vscode\\extensions\\uqbar.wollok-lsp-ide-0.3.5\\out\\server\\src\\server.js:3:157958)\n    at c:\\Users\\juanm\\.vscode\\extensions\\uqbar.wollok-lsp-ide-0.3.5\\out\\server\\src\\server.js:37:57871\n    at Br (c:\\Users\\juanm\\.vscode\\extensions\\uqbar.wollok-lsp-ide-0.3.5\\out\\server\\src\\server.js:8:1561)","timestamp":"2024-10-07T18:35:51.597Z"}
{"level":"info","message":"⌛ Inferring types","timeElapsed":1334,"timestamp":"2024-10-07T18:35:52.971Z"}
{"level":"info","message":"⌛ Inferring types","timeElapsed":1345,"timestamp":"2024-10-07T18:35:54.378Z"}
{"level":"info","message":"⌛ Inferring types","timeElapsed":1330,"timestamp":"2024-10-07T18:35:55.750Z"}
{"level":"info","message":"⌛ Inferring types","timeElapsed":1358,"timestamp":"2024-10-07T18:35:57.147Z"}
{"level":"info","message":"⌛ Inferring types","timeElapsed":1382,"timestamp":"2024-10-07T18:35:58.565Z"}
{"level":"info","message":"⌛ Inferring types","timeElapsed":1348,"timestamp":"2024-10-07T18:36:00.016Z"}
{"level":"info","message":"⌛ Inferring types","timeElapsed":1290,"timestamp":"2024-10-07T18:36:01.342Z"}
{"level":"info","message":"⌛ Inferring types","timeElapsed":1338,"timestamp":"2024-10-07T18:36:02.714Z"}
{"level":"info","message":"⌛ Inferring types","timeElapsed":1303,"timestamp":"2024-10-07T18:36:04.080Z"}
{"level":"info","message":"⌛ Inferring types","timeElapsed":1407,"timestamp":"2024-10-07T18:36:05.562Z"}
{"level":"info","message":"⌛ Inferring types","timeElapsed":1434,"timestamp":"2024-10-07T18:36:07.031Z"}
{"level":"info","message":"⌛ Inferring types","timeElapsed":1329,"timestamp":"2024-10-07T18:36:08.395Z"}
{"level":"info","message":"⌛ Inferring types","timeElapsed":1388,"timestamp":"2024-10-07T18:36:09.881Z"}
{"level":"error","message":"✘ Completions for node failed: Error: [Parameter]{3f1595} at src/herencia.wlk:57 exhausted all cases without a match [Parameter]{3f1595} at src/herencia.wlk:57 exhausted all cases without a match","stack":"Error: [Parameter]{3f1595} at src/herencia.wlk:57 exhausted all cases without a match\n    at c:\\Users\\juanm\\.vscode\\extensions\\uqbar.wollok-lsp-ide-0.3.5\\out\\server\\src\\server.js:38:6067\n    at hh (c:\\Users\\juanm\\.vscode\\extensions\\uqbar.wollok-lsp-ide-0.3.5\\out\\server\\src\\server.js:2281:42)\n    at c:\\Users\\juanm\\.vscode\\extensions\\uqbar.wollok-lsp-ide-0.3.5\\out\\server\\src\\server.js:2281:2700\n    at c:\\Users\\juanm\\.vscode\\extensions\\uqbar.wollok-lsp-ide-0.3.5\\out\\server\\src\\server.js:2288:3774\n    at c:\\Users\\juanm\\.vscode\\extensions\\uqbar.wollok-lsp-ide-0.3.5\\out\\server\\src\\server.js:37:74872\n    at Fe (c:\\Users\\juanm\\.vscode\\extensions\\uqbar.wollok-lsp-ide-0.3.5\\out\\server\\src\\server.js:7:8527)\n    at Pt (c:\\Users\\juanm\\.vscode\\extensions\\uqbar.wollok-lsp-ide-0.3.5\\out\\server\\src\\server.js:7:6189)\n    at Gi (c:\\Users\\juanm\\.vscode\\extensions\\uqbar.wollok-lsp-ide-0.3.5\\out\\server\\src\\server.js:7:6378)\n    at Immediate._onImmediate (c:\\Users\\juanm\\.vscode\\extensions\\uqbar.wollok-lsp-ide-0.3.5\\out\\server\\src\\server.js:7:6142)\n    at process.processImmediate (node:internal/timers:483:21)","timestamp":"2024-10-07T18:36:09.888Z"}
{"level":"info","message":"⌛ Inferring types","timeElapsed":1276,"timestamp":"2024-10-07T18:36:11.205Z"}
{"level":"info","message":"⌛ Inferring types","timeElapsed":1285,"timestamp":"2024-10-07T18:36:12.526Z"}
{"level":"info","message":"⌛ Inferring types","timeElapsed":1344,"timestamp":"2024-10-07T18:36:13.901Z"}
{"level":"info","message":"⌛ Inferring types","timeElapsed":1304,"timestamp":"2024-10-07T18:36:15.241Z"}
{"level":"info","message":"⌛ Inferring types","timeElapsed":1334,"timestamp":"2024-10-07T18:36:16.613Z"}
{"level":"info","message":"⌛ Inferring types","timeElapsed":1356,"timestamp":"2024-10-07T18:36:18.004Z"}
{"level":"info","message":"⌛ Inferring types","timeElapsed":1413,"timestamp":"2024-10-07T18:36:19.460Z"}
{"level":"info","message":"⌛ Inferring types","timeElapsed":1382,"timestamp":"2024-10-07T18:36:20.887Z"}
{"level":"info","message":"⌛ Inferring types","timeElapsed":1364,"timestamp":"2024-10-07T18:36:22.283Z"}
{"level":"info","message":"⌛ Inferring types","timeElapsed":1389,"timestamp":"2024-10-07T18:36:23.771Z"}
{"level":"info","message":"⌛ Inferring types","timeElapsed":1342,"timestamp":"2024-10-07T18:36:25.205Z"}
{"level":"info","message":"⌛ Inferring types","timeElapsed":1338,"timestamp":"2024-10-07T18:36:26.578Z"}
{"level":"info","message":"⌛ Inferring types","timeElapsed":1319,"timestamp":"2024-10-07T18:36:27.936Z"}
{"level":"info","message":"⌛ Inferring types","timeElapsed":1336,"timestamp":"2024-10-07T18:36:29.309Z"}
{"level":"info","message":"⌛ Inferring types","timeElapsed":1390,"timestamp":"2024-10-07T18:36:30.735Z"}
{"level":"info","message":"⌛ Inferring types","timeElapsed":1335,"timestamp":"2024-10-07T18:36:32.109Z"}
{"level":"info","message":"⌛ Inferring types","timeElapsed":1353,"timestamp":"2024-10-07T18:36:33.503Z"}
{"level":"info","message":"⌛ Inferring types","timeElapsed":1374,"timestamp":"2024-10-07T18:36:34.913Z"}
{"level":"info","message":"⌛ Inferring types","timeElapsed":1344,"timestamp":"2024-10-07T18:36:36.352Z"}
{"level":"info","message":"⌛ Inferring types","timeElapsed":1313,"timestamp":"2024-10-07T18:36:37.703Z"}
{"level":"info","message":"⌛ Inferring types","timeElapsed":1386,"timestamp":"2024-10-07T18:36:39.125Z"}
{"level":"info","message":"⌛ Inferring types","timeElapsed":1294,"timestamp":"2024-10-07T18:36:40.458Z"}
{"level":"info","message":"⌛ Inferring types","timeElapsed":1301,"timestamp":"2024-10-07T18:36:41.796Z"}
{"level":"info","message":"⌛ Inferring types","timeElapsed":1326,"timestamp":"2024-10-07T18:36:43.162Z"}
{"level":"info","message":"⌛ Inferring types","timeElapsed":1329,"timestamp":"2024-10-07T18:36:44.540Z"}
{"level":"info","message":"⌛ Inferring types","timeElapsed":1360,"timestamp":"2024-10-07T18:36:45.940Z"}
{"level":"info","message":"⌛ Inferring types","timeElapsed":1301,"timestamp":"2024-10-07T18:36:47.275Z"}
{"level":"info","message":"⌛ Inferring types","timeElapsed":1317,"timestamp":"2024-10-07T18:36:48.679Z"}
{"level":"info","message":"⌛ Inferring types","timeElapsed":1348,"timestamp":"2024-10-07T18:36:50.062Z"}
{"level":"info","message":"⌛ Inferring types","timeElapsed":1291,"timestamp":"2024-10-07T18:36:51.391Z"}
{"level":"info","message":"⌛ Inferring types","timeElapsed":1337,"timestamp":"2024-10-07T18:36:52.767Z"}
{"level":"info","message":"⌛ Inferring types","timeElapsed":1323,"timestamp":"2024-10-07T18:36:54.126Z"}
{"level":"info","message":"⌛ Inferring types","timeElapsed":1311,"timestamp":"2024-10-07T18:36:55.474Z"}
{"level":"info","message":"⌛ Inferring types","timeElapsed":1299,"timestamp":"2024-10-07T18:36:56.811Z"}
{"level":"info","message":"⌛ Inferring types","timeElapsed":1340,"timestamp":"2024-10-07T18:36:58.187Z"}
{"level":"info","message":"⌛ Inferring types","timeElapsed":1380,"timestamp":"2024-10-07T18:36:59.605Z"}
{"level":"info","message":"⌛ Inferring types","timeElapsed":1365,"timestamp":"2024-10-07T18:37:01.011Z"}
{"level":"info","message":"⌛ Inferring types","timeElapsed":1367,"timestamp":"2024-10-07T18:37:02.421Z"}
{"level":"info","message":"⌛ Inferring types","timeElapsed":1390,"timestamp":"2024-10-07T18:37:03.912Z"}
{"level":"info","message":"⌛ Inferring types","timeElapsed":1386,"timestamp":"2024-10-07T18:37:05.346Z"}
{"level":"info","message":"⌛ Inferring types","timeElapsed":1329,"timestamp":"2024-10-07T18:37:06.780Z"}
{"level":"info","message":"⌛ Building environment","timeElapsed":128,"timestamp":"2024-10-07T18:37:08.272Z"}
{"level":"info","message":"⌛ Inferring types","timeElapsed":1363,"timestamp":"2024-10-07T18:37:08.272Z"}
{"level":"info","message":"⌛ Inferring types","timeElapsed":1356,"timestamp":"2024-10-07T18:37:09.674Z"}
{"level":"info","message":"⌛ Inferring types","timeElapsed":1389,"timestamp":"2024-10-07T18:37:11.103Z"}
{"level":"info","message":"⌛ Inferring types","timeElapsed":1421,"timestamp":"2024-10-07T18:37:12.567Z"}
{"level":"info","message":"⌛ Inferring types","timeElapsed":1388,"timestamp":"2024-10-07T18:37:13.995Z"}
{"level":"info","message":"⌛ Inferring types","timeElapsed":1421,"timestamp":"2024-10-07T18:37:15.448Z"}
{"level":"info","message":"⌛ Inferring types","timeElapsed":1471,"timestamp":"2024-10-07T18:37:16.955Z"}
{"level":"info","message":"⌛ Inferring types","timeElapsed":1432,"timestamp":"2024-10-07T18:37:18.421Z"}
{"level":"info","message":"⌛ Validating src/herencia.wlk","timeElapsed":117,"timestamp":"2024-10-07T18:37:18.539Z"}
{"level":"info","message":"⌛ Inferring types","timeElapsed":1468,"timestamp":"2024-10-07T18:37:20.080Z"}
{"level":"info","message":"⌛ Inferring types","timeElapsed":1533,"timestamp":"2024-10-07T18:37:21.656Z"}
{"level":"info","message":"⌛ Inferring types","timeElapsed":1519,"timestamp":"2024-10-07T18:37:23.226Z"}
{"level":"info","message":"⌛ Inferring types","timeElapsed":1470,"timestamp":"2024-10-07T18:37:24.733Z"}
{"level":"info","message":"⌛ Inferring types","timeElapsed":1471,"timestamp":"2024-10-07T18:37:26.247Z"}
{"level":"info","message":"⌛ Inferring types","timeElapsed":1460,"timestamp":"2024-10-07T18:37:27.747Z"}
{"level":"info","message":"⌛ Inferring types","timeElapsed":1446,"timestamp":"2024-10-07T18:37:29.234Z"}
{"level":"info","message":"⌛ Inferring types","timeElapsed":1438,"timestamp":"2024-10-07T18:37:30.714Z"}
{"level":"info","message":"⌛ Inferring types","timeElapsed":1417,"timestamp":"2024-10-07T18:37:32.171Z"}
{"level":"info","message":"⌛ Inferring types","timeElapsed":1505,"timestamp":"2024-10-07T18:37:33.714Z"}
{"level":"info","message":"⌛ Inferring types","timeElapsed":1458,"timestamp":"2024-10-07T18:37:35.211Z"}
{"level":"info","message":"⌛ Inferring types","timeElapsed":1432,"timestamp":"2024-10-07T18:37:36.806Z"}
{"level":"info","message":"⌛ Inferring types","timeElapsed":1365,"timestamp":"2024-10-07T18:37:41.293Z"}
{"level":"info","message":"⌛ Inferring types","timeElapsed":1326,"timestamp":"2024-10-07T18:37:42.713Z"}
{"level":"info","message":"⌛ Inferring types","timeElapsed":1394,"timestamp":"2024-10-07T18:37:44.200Z"}
{"level":"info","message":"⌛ Inferring types","timeElapsed":1342,"timestamp":"2024-10-07T18:37:45.593Z"}
{"level":"info","message":"⌛ Inferring types","timeElapsed":1394,"timestamp":"2024-10-07T18:37:47.025Z"}
{"level":"info","message":"⌛ Inferring types","timeElapsed":1451,"timestamp":"2024-10-07T18:37:48.516Z"}
{"level":"info","message":"⌛ Inferring types","timeElapsed":1440,"timestamp":"2024-10-07T18:37:49.997Z"}
{"level":"info","message":"⌛ Inferring types","timeElapsed":1418,"timestamp":"2024-10-07T18:37:51.515Z"}
{"level":"error","message":"✘ Failed to get type description: Error: No type variable for node [Reference]{178268} at src/herencia.wlk:28 No type variable for node [Reference]{178268} at src/herencia.wlk:28","stack":"Error: No type variable for node [Reference]{178268} at src/herencia.wlk:28\n    at h6.getType (c:\\Users\\juanm\\.vscode\\extensions\\uqbar.wollok-lsp-ide-0.3.5\\out\\server\\src\\server.js:2244:8410)\n    at get type (c:\\Users\\juanm\\.vscode\\extensions\\uqbar.wollok-lsp-ide-0.3.5\\out\\server\\src\\server.js:38:12250)\n    at c:\\Users\\juanm\\.vscode\\extensions\\uqbar.wollok-lsp-ide-0.3.5\\out\\server\\src\\server.js:2275:790\n    at c:\\Users\\juanm\\.vscode\\extensions\\uqbar.wollok-lsp-ide-0.3.5\\out\\server\\src\\server.js:2288:3774\n    at c:\\Users\\juanm\\.vscode\\extensions\\uqbar.wollok-lsp-ide-0.3.5\\out\\server\\src\\server.js:37:74770\n    at Fe (c:\\Users\\juanm\\.vscode\\extensions\\uqbar.wollok-lsp-ide-0.3.5\\out\\server\\src\\server.js:7:8527)\n    at Pt (c:\\Users\\juanm\\.vscode\\extensions\\uqbar.wollok-lsp-ide-0.3.5\\out\\server\\src\\server.js:7:6189)\n    at Gi (c:\\Users\\juanm\\.vscode\\extensions\\uqbar.wollok-lsp-ide-0.3.5\\out\\server\\src\\server.js:7:6378)\n    at Immediate._onImmediate (c:\\Users\\juanm\\.vscode\\extensions\\uqbar.wollok-lsp-ide-0.3.5\\out\\server\\src\\server.js:7:6142)\n    at process.processImmediate (node:internal/timers:483:21)","timestamp":"2024-10-07T18:37:58.260Z"}
{"level":"error","message":"✘ Failed to rebuild document Missing workspace folder!","stack":"Error: Missing workspace folder!\n    at JF (c:\\Users\\juanm\\.vscode\\extensions\\uqbar.wollok-lsp-ide-0.5.3\\out\\server\\src\\server.js:2393:7332)\n    at F3.invoke (c:\\Users\\juanm\\.vscode\\extensions\\uqbar.wollok-lsp-ide-0.5.3\\out\\server\\src\\server.js:3:157334)\n    at o.fire (c:\\Users\\juanm\\.vscode\\extensions\\uqbar.wollok-lsp-ide-0.5.3\\out\\server\\src\\server.js:3:158104)\n    at c:\\Users\\juanm\\.vscode\\extensions\\uqbar.wollok-lsp-ide-0.5.3\\out\\server\\src\\server.js:37:57488\n    at Zr (c:\\Users\\juanm\\.vscode\\extensions\\uqbar.wollok-lsp-ide-0.5.3\\out\\server\\src\\server.js:8:1561)\n    at qt (c:\\Users\\juanm\\.vscode\\extensions\\uqbar.wollok-lsp-ide-0.5.3\\out\\server\\src\\server.js:7:6224)\n    at ot (c:\\Users\\juanm\\.vscode\\extensions\\uqbar.wollok-lsp-ide-0.5.3\\out\\server\\src\\server.js:7:6378)\n    at Immediate._onImmediate (c:\\Users\\juanm\\.vscode\\extensions\\uqbar.wollok-lsp-ide-0.5.3\\out\\server\\src\\server.js:7:6142)\n    at process.processImmediate (node:internal/timers:485:21)","timestamp":"2025-10-01T00:22:13.662Z"}
{"level":"info","message":"⌛ Inferring types","timeElapsed":1063,"timestamp":"2025-10-01T00:22:14.847Z"}
{"level":"info","message":"⌛ Inferring types","timeElapsed":1477,"timestamp":"2025-10-01T00:22:16.458Z"}
{"level":"error","message":"✘ Failed to rebuild document Cannot read properties of undefined (reading 'lookupField')","stack":"TypeError: Cannot read properties of undefined (reading 'lookupField')\n    at Jmn (c:\\Users\\juanm\\.vscode\\extensions\\uqbar.wollok-lsp-ide-0.5.3\\out\\server\\src\\server.js:2345:11087)\n    at c:\\Users\\juanm\\.vscode\\extensions\\uqbar.wollok-lsp-ide-0.5.3\\out\\server\\src\\server.js:38:6131\n    at pe (c:\\Users\\juanm\\.vscode\\extensions\\uqbar.wollok-lsp-ide-0.5.3\\out\\server\\src\\server.js:2345:9973)\n    at Array.map (<anonymous>)\n    at Xmn (c:\\Users\\juanm\\.vscode\\extensions\\uqbar.wollok-lsp-ide-0.5.3\\out\\server\\src\\server.js:2345:10984)\n    at c:\\Users\\juanm\\.vscode\\extensions\\uqbar.wollok-lsp-ide-0.5.3\\out\\server\\src\\server.js:38:6131\n    at pe (c:\\Users\\juanm\\.vscode\\extensions\\uqbar.wollok-lsp-ide-0.5.3\\out\\server\\src\\server.js:2345:9973)\n    at lN (c:\\Users\\juanm\\.vscode\\extensions\\uqbar.wollok-lsp-ide-0.5.3\\out\\server\\src\\server.js:2345:11800)\n    at c:\\Users\\juanm\\.vscode\\extensions\\uqbar.wollok-lsp-ide-0.5.3\\out\\server\\src\\server.js:38:6131\n    at pe (c:\\Users\\juanm\\.vscode\\extensions\\uqbar.wollok-lsp-ide-0.5.3\\out\\server\\src\\server.js:2345:9973)","timestamp":"2025-10-01T00:22:16.501Z"}
{"level":"info","message":"⌛ Inferring types","timeElapsed":2797,"timestamp":"2025-10-01T00:22:19.334Z"}
{"level":"info","message":"⌛ Inferring types","timeElapsed":3775,"timestamp":"2025-10-01T00:22:23.317Z"}
